<?xml version="1.0" encoding="UTF-8"?>
<!-- Generated by org.testng.reporters.JUnitReportReporter -->
<testsuite hostname="Sasikumar" failures="0" tests="1" name="org.tests.YatraHomePla" time="61.905" errors="0" timestamp="2025-07-14T17:56:11 IST" skipped="0">
  <testcase classname="org.tests.YatraHomePla" name="testOne" time="61.905"/>
</testsuite> <!-- org.tests.YatraHomePla -->
